This is pdfTeX, Version 3.1415926-1.40.10 (TeX Live 2009/Debian) (format=latex 2011.4.24)  12 JUN 2011 21:33
entering extended mode
 %&-line parsing enabled.
**microtype.ins
(./microtype.ins
LaTeX2e <2009/09/24>
Babel <v3.8l> and hyphenation patterns for english, usenglishmax, dumylang, noh
yphenation, french, basque, loaded.
(/usr/share/texmf-texlive/tex/latex/base/docstrip.tex
\blockLevel=\count79
\emptyLines=\count80
\processedLines=\count81
\commentsRemoved=\count82
\commentsPassed=\count83
\codeLinesPassed=\count84
\TotalprocessedLines=\count85
\TotalcommentsRemoved=\count86
\TotalcommentsPassed=\count87
\TotalcodeLinesPassed=\count88
\NumberOfFiles=\count89
\inFile=\read1
\inputcheck=\read2
\off@0=\count90
\off@1=\count91
\off@2=\count92
\off@3=\count93
\off@4=\count94
\off@5=\count95
\off@6=\count96
\off@7=\count97
\off@8=\count98
\off@9=\count99
\off@10=\count100
\off@11=\count101
\off@12=\count102
\off@13=\count103
\off@14=\count104
\off@15=\count105
\@maxfiles=\count106
\@maxoutfiles=\count107

Utility: `docstrip' 2.5d <2005/07/29>
English documentation    <1999/03/31>

**********************************************************
* This program converts documented macro-files into fast *
* loadable files by stripping off (nearly) all comments! *
**********************************************************

********************************************************
* No Configuration file found, using default settings. *
********************************************************

)

Generating file(s) ./microtype.sty ./microtype-pdftex.def ./microtype-luatex.de
f ./microtype-xetex.def ./letterspace.sty ./microtype.cfg ./mt-bch.cfg ./mt-blg
.cfg ./mt-cmr.cfg ./mt-pad.cfg ./mt-ppl.cfg ./mt-ptm.cfg ./mt-ugm.cfg ./mt-msa.
cfg ./mt-msb.cfg ./mt-euf.cfg ./mt-eur.cfg ./mt-eus.cfg ./mt-zpeu.cfg ./mt-euro
itc.cfg ./mt-mvs.cfg ./mt-pmn.cfg ./test-microtype.tex 
\openout0 = `./microtype.sty'.

\openout1 = `./microtype-pdftex.def'.

\openout2 = `./microtype-luatex.def'.

\openout3 = `./microtype-xetex.def'.

\openout4 = `./letterspace.sty'.

\openout5 = `./microtype.cfg'.

\openout6 = `./mt-bch.cfg'.

\openout7 = `./mt-blg.cfg'.

\openout8 = `./mt-cmr.cfg'.

\openout9 = `./mt-pad.cfg'.

\openout10 = `./mt-ppl.cfg'.

\openout11 = `./mt-ptm.cfg'.

\openout12 = `./mt-ugm.cfg'.

\openout13 = `./mt-msa.cfg'.

\openout14 = `./mt-msb.cfg'.

\openout15 = `./mt-euf.cfg'.


Processing file microtype.dtx (package,lua) -> microtype.sty
                              (pdftex-def) -> microtype-pdftex.def
                              (luatex-def) -> microtype-luatex.def
                              (xetex-def) -> microtype-xetex.def
                              (letterspace,plain) -> letterspace.sty
                              (config,cfg-t,m-t) -> microtype.cfg
                              (config,cfg-t,bch) -> mt-bch.cfg
                              (config,cfg-t,blg) -> mt-blg.cfg
                              (config,cfg-t,cmr) -> mt-cmr.cfg
                              (config,cfg-t,pad) -> mt-pad.cfg
                              (config,cfg-t,ppl) -> mt-ppl.cfg
                              (config,cfg-t,ptm) -> mt-ptm.cfg
                              (config,cfg-t,ugm) -> mt-ugm.cfg
                              (config,cfg-u,msa) -> mt-msa.cfg
                              (config,cfg-u,msb) -> mt-msb.cfg
                              (config,cfg-u,euf) -> mt-euf.cfg
File microtype.dtx ended by \endinput.
Lines  processed: 15765
Comments removed: 7638
Comments  passed: 29
Codelines passed: 6215

\openout0 = `./mt-eur.cfg'.

\openout1 = `./mt-eus.cfg'.

\openout2 = `./mt-zpeu.cfg'.

\openout3 = `./mt-euroitc.cfg'.

\openout4 = `./mt-mvs.cfg'.

\openout5 = `./mt-pmn.cfg'.

\openout6 = `./test-microtype.tex'.


Processing file microtype.dtx (config,cfg-u,eur) -> mt-eur.cfg
                              (config,cfg-u,eus) -> mt-eus.cfg
                              (config,cfg-e,zpeu) -> mt-zpeu.cfg
                              (config,cfg-e,euroitc) -> mt-euroitc.cfg
                              (config,cfg-e,mvs) -> mt-mvs.cfg
                              (config,cfg-t,pmn) -> mt-pmn.cfg
                              (test) -> test-microtype.tex
File microtype.dtx ended by \endinput.
Lines  processed: 15765
Comments removed: 7638
Comments  passed: 29
Codelines passed: 6215


Generating file(s) ./microtype.lua 
\openout0 = `./microtype.lua'.


Processing file microtype.dtx (luafile) -> microtype.lua
File microtype.dtx ended by \endinput.
Lines  processed: 15765
Comments removed: 7638
Comments  passed: 29
Codelines passed: 6215

***********************************************************************
* To finish installation, move all files to their appropriate places. *
* See the documentation for details.                                  *
* You can create the documentation by running latex on microtype.dtx. *
***********************************************************************
Overall statistics:
Files  processed: 3
Lines  processed: 47295
Comments removed: 22914
Comments  passed: 87
Codelines passed: 18645
 ) 
Here is how much of TeX's memory you used:
 532 strings out of 495029
 5969 string characters out of 1181252
 70680 words of memory out of 3000000
 3790 multiletter control sequences out of 15000+50000
 3640 words of font info for 14 fonts, out of 3000000 for 9000
 28 hyphenation exceptions out of 8191
 13i,0n,15p,189b,331s stack positions out of 5000i,500n,10000p,200000b,50000s

No pages of output.
